<?xml version="1.0" encoding="UTF-8"?>
<!-- Generated by org.testng.reporters.JUnitXMLReporter -->
<testsuite ignored="0" hostname="DESKTOP-DJ4FDME" failures="0" tests="3" name="Default test" time="32.843" errors="0" timestamp="2024-10-30T06:55:00 IST">
  <testcase classname="org.wipro.auto.uo.testcases.LoginTestScenarios_DDF" name="tc01_validcredloginvalidation" time="19.44"/>
  <testcase classname="org.wipro.auto.uo.testcases.LoginTestScenarios_DDF" name="tc01_validcredloginvalidation" time="0.431"/>
  <testcase classname="org.wipro.auto.uo.testcases.LoginTestScenarios_DDF" name="tc01_validcredloginvalidation" time="0.482"/>
</testsuite> <!-- Default test -->
