<?xml version="1.0" encoding="UTF-8"?>
<!-- Generated by org.testng.reporters.JUnitXMLReporter -->
<testsuite ignored="2" hostname="DESKTOP-DJ4FDME" failures="0" tests="2" name="Test" time="32.35" errors="0" timestamp="2024-10-26T07:41:40 IST">
  <testcase classname="org.xyz.automation.projectname.HandleKeyMouseEtc" name="handleAlerts" time="4.333"/>
  <testcase classname="org.xyz.automation.projectname.HandleKeyMouseEtc" name="handleFrames" time="27.948"/>
  <testcase classname="org.xyz.automation.projectname.HandleKeyMouseEtc" name="handleKeyboard" time="0.0">
    <ignored/>
  </testcase> <!-- handleKeyboard -->
  <testcase classname="org.xyz.automation.projectname.HandleKeyMouseEtc" name="handlemouse" time="0.0">
    <ignored/>
  </testcase> <!-- handlemouse -->
</testsuite> <!-- Test -->
