<?xml version="1.0" encoding="UTF-8"?>
<testng-results ignored="0" total="3" passed="3" failed="0" skipped="0">
  <reporter-output>
  </reporter-output>
  <suite started-at="2024-10-30T06:54:27 IST" name="Default suite" finished-at="2024-10-30T06:55:00 IST" duration-ms="32843">
    <groups>
    </groups>
    <test started-at="2024-10-30T06:54:27 IST" name="Default test" finished-at="2024-10-30T06:55:00 IST" duration-ms="32843">
      <class name="org.wipro.auto.uo.testcases.LoginTestScenarios_DDF">
        <test-method is-config="true" signature="launchBrowser()[pri:0, instance:org.wipro.auto.uo.testcases.LoginTestScenarios_DDF@173ed316]" started-at="2024-10-30T06:54:27 IST" name="launchBrowser" finished-at="2024-10-30T06:54:34 IST" duration-ms="7155" status="PASS">
          <reporter-output>
          </reporter-output>
        </test-method> <!-- launchBrowser -->
        <test-method signature="tc01_validcredloginvalidation(java.lang.String,java.lang.String)[pri:0, instance:org.wipro.auto.uo.testcases.LoginTestScenarios_DDF@173ed316]" started-at="2024-10-30T06:54:34 IST" name="tc01_validcredloginvalidation" data-provider="ddf" finished-at="2024-10-30T06:54:54 IST" duration-ms="19440" status="PASS">
          <params>
            <param index="0">
              <value>
                <![CDATA[user1]]>
              </value>
            </param>
            <param index="1">
              <value>
                <![CDATA[pass1]]>
              </value>
            </param>
          </params>
          <reporter-output>
          </reporter-output>
        </test-method> <!-- tc01_validcredloginvalidation -->
        <test-method is-config="true" signature="closeBrowser()[pri:0, instance:org.wipro.auto.uo.testcases.LoginTestScenarios_DDF@173ed316]" started-at="2024-10-30T06:54:54 IST" name="closeBrowser" finished-at="2024-10-30T06:54:54 IST" duration-ms="3" status="PASS">
          <reporter-output>
          </reporter-output>
        </test-method> <!-- closeBrowser -->
        <test-method is-config="true" signature="launchBrowser()[pri:0, instance:org.wipro.auto.uo.testcases.LoginTestScenarios_DDF@173ed316]" started-at="2024-10-30T06:54:54 IST" name="launchBrowser" finished-at="2024-10-30T06:54:56 IST" duration-ms="2539" status="PASS">
          <reporter-output>
          </reporter-output>
        </test-method> <!-- launchBrowser -->
        <test-method signature="tc01_validcredloginvalidation(java.lang.String,java.lang.String)[pri:0, instance:org.wipro.auto.uo.testcases.LoginTestScenarios_DDF@173ed316]" started-at="2024-10-30T06:54:56 IST" name="tc01_validcredloginvalidation" data-provider="ddf" finished-at="2024-10-30T06:54:57 IST" duration-ms="431" status="PASS">
          <params>
            <param index="0">
              <value>
                <![CDATA[user2]]>
              </value>
            </param>
            <param index="1">
              <value>
                <![CDATA[pass2]]>
              </value>
            </param>
          </params>
          <reporter-output>
          </reporter-output>
        </test-method> <!-- tc01_validcredloginvalidation -->
        <test-method is-config="true" signature="closeBrowser()[pri:0, instance:org.wipro.auto.uo.testcases.LoginTestScenarios_DDF@173ed316]" started-at="2024-10-30T06:54:57 IST" name="closeBrowser" finished-at="2024-10-30T06:54:57 IST" duration-ms="1" status="PASS">
          <reporter-output>
          </reporter-output>
        </test-method> <!-- closeBrowser -->
        <test-method is-config="true" signature="launchBrowser()[pri:0, instance:org.wipro.auto.uo.testcases.LoginTestScenarios_DDF@173ed316]" started-at="2024-10-30T06:54:57 IST" name="launchBrowser" finished-at="2024-10-30T06:54:59 IST" duration-ms="2671" status="PASS">
          <reporter-output>
          </reporter-output>
        </test-method> <!-- launchBrowser -->
        <test-method signature="tc01_validcredloginvalidation(java.lang.String,java.lang.String)[pri:0, instance:org.wipro.auto.uo.testcases.LoginTestScenarios_DDF@173ed316]" started-at="2024-10-30T06:54:59 IST" name="tc01_validcredloginvalidation" data-provider="ddf" finished-at="2024-10-30T06:55:00 IST" duration-ms="482" status="PASS">
          <params>
            <param index="0">
              <value>
                <![CDATA[user3]]>
              </value>
            </param>
            <param index="1">
              <value>
                <![CDATA[pass3]]>
              </value>
            </param>
          </params>
          <reporter-output>
          </reporter-output>
        </test-method> <!-- tc01_validcredloginvalidation -->
        <test-method is-config="true" signature="closeBrowser()[pri:0, instance:org.wipro.auto.uo.testcases.LoginTestScenarios_DDF@173ed316]" started-at="2024-10-30T06:55:00 IST" name="closeBrowser" finished-at="2024-10-30T06:55:00 IST" duration-ms="2" status="PASS">
          <reporter-output>
          </reporter-output>
        </test-method> <!-- closeBrowser -->
      </class> <!-- org.wipro.auto.uo.testcases.LoginTestScenarios_DDF -->
    </test> <!-- Default test -->
  </suite> <!-- Default suite -->
</testng-results>
