<?xml version="1.0" encoding="UTF-8"?>
<testng-results ignored="0" total="1" passed="1" failed="0" skipped="0">
  <reporter-output>
  </reporter-output>
  <suite started-at="2024-10-30T07:21:50 IST" name="Default suite" finished-at="2024-10-30T07:22:14 IST" duration-ms="23973">
    <groups>
    </groups>
    <test started-at="2024-10-30T07:21:50 IST" name="Default test" finished-at="2024-10-30T07:22:14 IST" duration-ms="23973">
      <class name="org.wipro.auto.uo.testcases.USF_TestScenario">
        <test-method is-config="true" signature="launchBrowser()[pri:0, instance:org.wipro.auto.uo.testcases.USF_TestScenario@f0c8a99]" started-at="2024-10-30T07:21:50 IST" name="launchBrowser" finished-at="2024-10-30T07:22:13 IST" duration-ms="23435" status="PASS">
          <reporter-output>
          </reporter-output>
        </test-method> <!-- launchBrowser -->
        <test-method signature="validate_usf_testcase1()[pri:0, instance:org.wipro.auto.uo.testcases.USF_TestScenario@f0c8a99]" started-at="2024-10-30T07:22:13 IST" name="validate_usf_testcase1" finished-at="2024-10-30T07:22:14 IST" duration-ms="456" status="PASS">
          <reporter-output>
          </reporter-output>
        </test-method> <!-- validate_usf_testcase1 -->
        <test-method is-config="true" signature="closeBrowser()[pri:0, instance:org.wipro.auto.uo.testcases.USF_TestScenario@f0c8a99]" started-at="2024-10-30T07:22:14 IST" name="closeBrowser" finished-at="2024-10-30T07:22:14 IST" duration-ms="1" status="PASS">
          <reporter-output>
          </reporter-output>
        </test-method> <!-- closeBrowser -->
      </class> <!-- org.wipro.auto.uo.testcases.USF_TestScenario -->
    </test> <!-- Default test -->
  </suite> <!-- Default suite -->
</testng-results>
